# JRE version: OpenJDK Runtime Environment (11.0.29+7) (build 11.0.29+7-post-Ubuntu-1ubuntu124.04)
# Java VM: OpenJDK 64-Bit Server VM (11.0.29+7-post-Ubuntu-1ubuntu124.04, mixed mode, sharing, tiered, compressed oops, g1 gc, linux-amd64)
Heap:
 garbage-first heap   total 364544K, used 243704K [0x0000000706000000, 0x0000000800000000)
  region size 1024K, 106 young (108544K), 13 survivors (13312K)
 Metaspace       used 18816K, capacity 19438K, committed 19584K, reserved 1067008K
  class space    used 2093K, capacity 2331K, committed 2432K, reserved 1048576K
GC Heap History (20 events):
Event: 21.197 GC heap before
{Heap before GC invocations=15 (full 0):
 garbage-first heap   total 258048K, used 184468K [0x0000000706000000, 0x0000000800000000)
  region size 1024K, 77 young (78848K), 6 survivors (6144K)
 Metaspace       used 13587K, capacity 14218K, committed 14464K, reserved 1062912K
  class space    used 1441K, capacity 1661K, committed 1664K, reserved 1048576K
}
Event: 21.209 GC heap after
{Heap after GC invocations=16 (full 0):
 garbage-first heap   total 258048K, used 120365K [0x0000000706000000, 0x0000000800000000)
  region size 1024K, 10 young (10240K), 10 survivors (10240K)
 Metaspace       used 13587K, capacity 14218K, committed 14464K, reserved 1062912K
  class space    used 1441K, capacity 1661K, committed 1664K, reserved 1048576K
}
Event: 21.389 GC heap before
{Heap before GC invocations=16 (full 0):
 garbage-first heap   total 258048K, used 193069K [0x0000000706000000, 0x0000000800000000)
  region size 1024K, 81 young (82944K), 10 survivors (10240K)
 Metaspace       used 13589K, capacity 14218K, committed 14464K, reserved 1062912K
  class space    used 1441K, capacity 1661K, committed 1664K, reserved 1048576K
}
Event: 21.402 GC heap after
{Heap after GC invocations=17 (full 0):
 garbage-first heap   total 258048K, used 125807K [0x0000000706000000, 0x0000000800000000)
  region size 1024K, 5 young (5120K), 5 survivors (5120K)
 Metaspace       used 13589K, capacity 14218K, committed 14464K, reserved 1062912K
  class space    used 1441K, capacity 1661K, committed 1664K, reserved 1048576K
}
Event: 21.589 GC heap before
{Heap before GC invocations=17 (full 0):
 garbage-first heap   total 258048K, used 197487K [0x0000000706000000, 0x0000000800000000)
  region size 1024K, 75 young (76800K), 5 survivors (5120K)
 Metaspace       used 13593K, capacity 14218K, committed 14464K, reserved 1062912K
  class space    used 1441K, capacity 1661K, committed 1664K, reserved 1048576K
}
Event: 21.595 GC heap after
{Heap after GC invocations=18 (full 0):
 garbage-first heap   total 258048K, used 129727K [0x0000000706000000, 0x0000000800000000)
  region size 1024K, 9 young (9216K), 9 survivors (9216K)
 Metaspace       used 13593K, capacity 14218K, committed 14464K, reserved 1062912K
  class space    used 1441K, capacity 1661K, committed 1664K, reserved 1048576K
}
Event: 21.855 GC heap before
{Heap before GC invocations=19 (full 0):
 garbage-first heap   total 258048K, used 156351K [0x0000000706000000, 0x0000000800000000)
  region size 1024K, 79 young (80896K), 9 survivors (9216K)
 Metaspace       used 12209K, capacity 12690K, committed 14464K, reserved 1062912K
  class space    used 1262K, capacity 1424K, committed 1664K, reserved 1048576K
}
Event: 21.865 GC heap after
{Heap after GC invocations=20 (full 0):
 garbage-first heap   total 258048K, used 89282K [0x0000000706000000, 0x0000000800000000)
  region size 1024K, 9 young (9216K), 9 survivors (9216K)
 Metaspace       used 12209K, capacity 12690K, committed 14464K, reserved 1062912K
  class space    used 1262K, capacity 1424K, committed 1664K, reserved 1048576K
}
Event: 21.873 GC heap before
{Heap before GC invocations=20 (full 0):
 garbage-first heap   total 258048K, used 92354K [0x0000000706000000, 0x0000000800000000)
  region size 1024K, 12 young (12288K), 9 survivors (9216K)
 Metaspace       used 12209K, capacity 12690K, committed 14464K, reserved 1062912K
  class space    used 1262K, capacity 1424K, committed 1664K, reserved 1048576K
}
Event: 21.878 GC heap after
{Heap after GC invocations=21 (full 0):
 garbage-first heap   total 258048K, used 85030K [0x0000000706000000, 0x0000000800000000)
  region size 1024K, 2 young (2048K), 2 survivors (2048K)
 Metaspace       used 12209K, capacity 12690K, committed 14464K, reserved 1062912K
  class space    used 1262K, capacity 1424K, committed 1664K, reserved 1048576K
}
Event: 22.096 GC heap before
{Heap before GC invocations=21 (full 0):
 garbage-first heap   total 258048K, used 178214K [0x0000000706000000, 0x0000000800000000)
  region size 1024K, 93 young (95232K), 2 survivors (2048K)
 Metaspace       used 12211K, capacity 12690K, committed 14464K, reserved 1062912K
  class space    used 1262K, capacity 1424K, committed 1664K, reserved 1048576K
}
Event: 22.109 GC heap after
{Heap after GC invocations=22 (full 0):
 garbage-first heap   total 258048K, used 90607K [0x0000000706000000, 0x0000000800000000)
  region size 1024K, 7 young (7168K), 7 survivors (7168K)
 Metaspace       used 12211K, capacity 12690K, committed 14464K, reserved 1062912K
  class space    used 1262K, capacity 1424K, committed 1664K, reserved 1048576K
}
Event: 22.521 GC heap before
{Heap before GC invocations=22 (full 0):
 garbage-first heap   total 258048K, used 203247K [0x0000000706000000, 0x0000000800000000)
  region size 1024K, 117 young (119808K), 7 survivors (7168K)
 Metaspace       used 12211K, capacity 12690K, committed 14464K, reserved 1062912K
  class space    used 1262K, capacity 1424K, committed 1664K, reserved 1048576K
}
Event: 22.534 GC heap after
{Heap after GC invocations=23 (full 0):
 garbage-first heap   total 364544K, used 97195K [0x0000000706000000, 0x0000000800000000)
  region size 1024K, 14 young (14336K), 14 survivors (14336K)
 Metaspace       used 12211K, capacity 12690K, committed 14464K, reserved 1062912K
  class space    used 1262K, capacity 1424K, committed 1664K, reserved 1048576K
}
Event: 23.069 GC heap before
{Heap before GC invocations=23 (full 0):
 garbage-first heap   total 364544K, used 237483K [0x0000000706000000, 0x0000000800000000)
  region size 1024K, 151 young (154624K), 14 survivors (14336K)
 Metaspace       used 12212K, capacity 12690K, committed 14464K, reserved 1062912K
  class space    used 1262K, capacity 1424K, committed 1664K, reserved 1048576K
}
Event: 23.081 GC heap after
{Heap after GC invocations=24 (full 0):
 garbage-first heap   total 364544K, used 105131K [0x0000000706000000, 0x0000000800000000)
  region size 1024K, 15 young (15360K), 15 survivors (15360K)
 Metaspace       used 12212K, capacity 12690K, committed 14464K, reserved 1062912K
  class space    used 1262K, capacity 1424K, committed 1664K, reserved 1048576K
}
Event: 23.621 GC heap before
{Heap before GC invocations=24 (full 0):
 garbage-first heap   total 364544K, used 293547K [0x0000000706000000, 0x0000000800000000)
  region size 1024K, 199 young (203776K), 15 survivors (15360K)
 Metaspace       used 12213K, capacity 12690K, committed 14464K, reserved 1062912K
  class space    used 1262K, capacity 1424K, committed 1664K, reserved 1048576K
}
Event: 23.637 GC heap after
{Heap after GC invocations=25 (full 0):
 garbage-first heap   total 364544K, used 118470K [0x0000000706000000, 0x0000000800000000)
  region size 1024K, 21 young (21504K), 21 survivors (21504K)
 Metaspace       used 12213K, capacity 12690K, committed 14464K, reserved 1062912K
  class space    used 1262K, capacity 1424K, committed 1664K, reserved 1048576K
}
Event: 28.775 GC heap before
{Heap before GC invocations=25 (full 0):
 garbage-first heap   total 364544K, used 313030K [0x0000000706000000, 0x0000000800000000)
  region size 1024K, 187 young (191488K), 21 survivors (21504K)
 Metaspace       used 12657K, capacity 13165K, committed 14464K, reserved 1062912K
  class space    used 1311K, capacity 1497K, committed 1664K, reserved 1048576K
}
Event: 28.795 GC heap after
{Heap after GC invocations=26 (full 0):
 garbage-first heap   total 364544K, used 140280K [0x0000000706000000, 0x0000000800000000)
  region size 1024K, 13 young (13312K), 13 survivors (13312K)
 Metaspace       used 12657K, capacity 13165K, committed 14464K, reserved 1062912K
  class space    used 1311K, capacity 1497K, committed 1664K, reserved 1048576K
}

